<?xml version="1.0" encoding="UTF-8"?>
<!-- Generated by org.testng.reporters.JUnitXMLReporter -->
<testsuite hostname="PRINHYLTPAP0932.local" name="goToAmazonPage" tests="2" failures="1" timestamp="12 May 2016 04:17:03 GMT" time="21.424" errors="0">
  <testcase name="test_AddSingleItemToCart" time="13.56" classname="Tests.AmazonOrderPlaceTest"/>
  <testcase name="test_AddMultipleItemsToCart" time="0.025" classname="Tests.AmazonOrderPlaceTest">
    <failure type="org.openqa.selenium.NoSuchWindowException" message="Window not found. The browser window may have been closed.
Command duration or timeout: 15 milliseconds
Build info: version: &amp;apos;2.53.0&amp;apos;, revision: &amp;apos;35ae25b&amp;apos;, time: &amp;apos;2016-03-15 17:00:58&amp;apos;
System info: host: &amp;apos;PRINHYLTPAP0932.local&amp;apos;, ip: &amp;apos;172.16.53.197&amp;apos;, os.name: &amp;apos;Mac OS X&amp;apos;, os.arch: &amp;apos;x86_64&amp;apos;, os.version: &amp;apos;10.11.3&amp;apos;, java.version: &amp;apos;1.7.0_79&amp;apos;
*** Element info: {Using=name, value=field-keywords}
Session ID: 6f708749-b9e3-f149-b10a-45237a4f5d5a
Driver info: org.openqa.selenium.firefox.FirefoxDriver
Capabilities [{platform=MAC, acceptSslCerts=true, javascriptEnabled=true, cssSelectorsEnabled=true, databaseEnabled=true, browserName=firefox, handlesAlerts=true, nativeEvents=false, webStorageEnabled=true, rotatable=false, locationContextEnabled=true, applicationCacheEnabled=true, takesScreenshot=true, version=44.0.2}]">
      <![CDATA[org.openqa.selenium.NoSuchWindowException: Window not found. The browser window may have been closed.
Command duration or timeout: 15 milliseconds
Build info: version: '2.53.0', revision: '35ae25b', time: '2016-03-15 17:00:58'
System info: host: 'PRINHYLTPAP0932.local', ip: '172.16.53.197', os.name: 'Mac OS X', os.arch: 'x86_64', os.version: '10.11.3', java.version: '1.7.0_79'
*** Element info: {Using=name, value=field-keywords}
Session ID: 6f708749-b9e3-f149-b10a-45237a4f5d5a
Driver info: org.openqa.selenium.firefox.FirefoxDriver
Capabilities [{platform=MAC, acceptSslCerts=true, javascriptEnabled=true, cssSelectorsEnabled=true, databaseEnabled=true, browserName=firefox, handlesAlerts=true, nativeEvents=false, webStorageEnabled=true, rotatable=false, locationContextEnabled=true, applicationCacheEnabled=true, takesScreenshot=true, version=44.0.2}]
	at org.openqa.selenium.remote.ErrorHandler.createThrowable(ErrorHandler.java:206)
	at org.openqa.selenium.remote.ErrorHandler.throwIfResponseFailed(ErrorHandler.java:158)
	at org.openqa.selenium.remote.RemoteWebDriver.execute(RemoteWebDriver.java:678)
	at org.openqa.selenium.remote.RemoteWebDriver.findElement(RemoteWebDriver.java:363)
	at org.openqa.selenium.remote.RemoteWebDriver.findElementByName(RemoteWebDriver.java:461)
	at org.openqa.selenium.By$ByName.findElement(By.java:303)
	at org.openqa.selenium.remote.RemoteWebDriver.findElement(RemoteWebDriver.java:355)
	at locators.AmazonOrderPlace.clearValueInSearchField(AmazonOrderPlace.java:69)
	at Tests.AmazonOrderPlaceTest.test_AddMultipleItemsToCart(AmazonOrderPlaceTest.java:68)
Caused by: org.openqa.selenium.NoSuchWindowException: Window not found. The browser window may have been closed.
Build info: version: '2.53.0', revision: '35ae25b', time: '2016-03-15 17:00:58'
System info: host: 'PRINHYLTPAP0932.local', ip: '172.16.53.197', os.name: 'Mac OS X', os.arch: 'x86_64', os.version: '10.11.3', java.version: '1.7.0_79'
Driver info: driver.version: unknown
	at <anonymous class>.nsCommandProcessor.prototype.execute(file:///var/folders/_f/fhgxvx4s4hl57vf322nk69qm0000gp/T/anonymous7076445954344643490webdriver-profile/extensions/fxdriver@googlecode.com/components/command-processor.js:12715)
	at <anonymous class>.Dispatcher.executeAs/<(file:///var/folders/_f/fhgxvx4s4hl57vf322nk69qm0000gp/T/anonymous7076445954344643490webdriver-profile/extensions/fxdriver@googlecode.com/components/driver-component.js:9558)
	at <anonymous class>.Resource.prototype.handle(file:///var/folders/_f/fhgxvx4s4hl57vf322nk69qm0000gp/T/anonymous7076445954344643490webdriver-profile/extensions/fxdriver@googlecode.com/components/driver-component.js:9705)
	at <anonymous class>.Dispatcher.prototype.dispatch(file:///var/folders/_f/fhgxvx4s4hl57vf322nk69qm0000gp/T/anonymous7076445954344643490webdriver-profile/extensions/fxdriver@googlecode.com/components/driver-component.js:9652)
	at <anonymous class>.WebDriverServer/<.handle(file:///var/folders/_f/fhgxvx4s4hl57vf322nk69qm0000gp/T/anonymous7076445954344643490webdriver-profile/extensions/fxdriver@googlecode.com/components/driver-component.js:12517)
	at <anonymous class>.createHandlerFunc/<(file:///var/folders/_f/fhgxvx4s4hl57vf322nk69qm0000gp/T/anonymous7076445954344643490webdriver-profile/extensions/fxdriver@googlecode.com/components/httpd.js:2054)
	at <anonymous class>.ServerHandler.prototype.handleResponse(file:///var/folders/_f/fhgxvx4s4hl57vf322nk69qm0000gp/T/anonymous7076445954344643490webdriver-profile/extensions/fxdriver@googlecode.com/components/httpd.js:2387)
	at <anonymous class>.Connection.prototype.process(file:///var/folders/_f/fhgxvx4s4hl57vf322nk69qm0000gp/T/anonymous7076445954344643490webdriver-profile/extensions/fxdriver@googlecode.com/components/httpd.js:1223)
	at <anonymous class>.RequestReader.prototype._handleResponse(file:///var/folders/_f/fhgxvx4s4hl57vf322nk69qm0000gp/T/anonymous7076445954344643490webdriver-profile/extensions/fxdriver@googlecode.com/components/httpd.js:1677)
	at <anonymous class>.RequestReader.prototype._processBody(file:///var/folders/_f/fhgxvx4s4hl57vf322nk69qm0000gp/T/anonymous7076445954344643490webdriver-profile/extensions/fxdriver@googlecode.com/components/httpd.js:1525)
	at <anonymous class>.RequestReader.prototype.onInputStreamReady(file:///var/folders/_f/fhgxvx4s4hl57vf322nk69qm0000gp/T/anonymous7076445954344643490webdriver-profile/extensions/fxdriver@googlecode.com/components/httpd.js:1393)
... Removed 29 stack frames]]>
    </failure>
  </testcase> <!-- test_AddMultipleItemsToCart -->
</testsuite> <!-- goToAmazonPage -->
